<?xml version="1.0" encoding="UTF-8"?>
<robot generator="Robot 5.0.1 (Python 3.10.5 on win32)" generated="20220708 19:13:25.455" rpa="false" schemaversion="3">
<suite id="s1" name="Search" source="D:\belajar\dojobox\mobiletesting\suites\Search.robot">
<test id="s1-t1" name="User Should Be Able To Search Flight Number" line="14">
<kw name="Open Flight Application" library="Base" type="SETUP">
<kw name="Open Application" library="AppiumLibrary">
<arg>${REMOTE_URL}</arg>
<arg>platformName=${PLATFORM_NAME}</arg>
<arg>platformVersion=${PLATFORM_VERSION}</arg>
<arg>deviceName=${DEVICE_NAME}</arg>
<arg>appActivity=${ACTIVITY_NAME}</arg>
<arg>appPackage=${PACKAGE_NAME}</arg>
<arg>automationName=UiAutomator2</arg>
<arg>newCommandTimeout=5000</arg>
<doc>Opens a new application to given Appium server.
Capabilities of appium server, Android and iOS,
Please check https://github.com/appium/appium/blob/master/docs/en/writing-running-appium/server-args.md
| *Option*            | *Man.* | *Description*     |
| remote_url          | Yes    | Appium server url |
| alias               | no     | alias             |</doc>
<status status="PASS" starttime="20220708 19:13:26.256" endtime="20220708 19:13:59.790"/>
</kw>
<status status="PASS" starttime="20220708 19:13:26.255" endtime="20220708 19:13:59.790"/>
</kw>
<kw name="User Should Be Able To Login" library="SearchKeyword">
<kw name="Tap" library="AppiumLibrary">
<arg>${signin_icon}</arg>
<doc>Tap element identified by ``locator``. </doc>
<status status="PASS" starttime="20220708 19:13:59.792" endtime="20220708 19:14:00.486"/>
</kw>
<kw name="Wait Until Page Contains" library="AppiumLibrary">
<arg>${username}</arg>
<doc>Waits until `text` appears on current page.</doc>
<status status="PASS" starttime="20220708 19:14:00.487" endtime="20220708 19:14:01.210"/>
</kw>
<kw name="Input Text" library="AppiumLibrary">
<arg>${username}</arg>
<arg>${user_email}</arg>
<doc>Types the given `text` into text field identified by `locator`.</doc>
<msg timestamp="20220708 19:14:01.216" level="INFO">Typing text 'support@ngendigital.com' into text field 'com.example.myapplication:id/username'</msg>
<status status="PASS" starttime="20220708 19:14:01.211" endtime="20220708 19:14:01.464"/>
</kw>
<kw name="Input Text" library="AppiumLibrary">
<arg>${password}</arg>
<arg>${user_password}</arg>
<doc>Types the given `text` into text field identified by `locator`.</doc>
<msg timestamp="20220708 19:14:01.472" level="INFO">Typing text 'abc123' into text field 'com.example.myapplication:id/password'</msg>
<status status="PASS" starttime="20220708 19:14:01.464" endtime="20220708 19:14:02.563"/>
</kw>
<kw name="Tap" library="AppiumLibrary">
<arg>${signin_button}</arg>
<doc>Tap element identified by ``locator``. </doc>
<status status="PASS" starttime="20220708 19:14:02.564" endtime="20220708 19:14:03.479"/>
</kw>
<status status="PASS" starttime="20220708 19:13:59.791" endtime="20220708 19:14:03.480"/>
</kw>
<kw name="Tap Search Tab" library="SearchKeyword">
<kw name="Wait Until Page Contains" library="AppiumLibrary">
<arg>${search_tab}</arg>
<doc>Waits until `text` appears on current page.</doc>
<status status="PASS" starttime="20220708 19:14:03.482" endtime="20220708 19:14:04.189"/>
</kw>
<kw name="Tap" library="AppiumLibrary">
<arg>${search_tab}</arg>
<doc>Tap element identified by ``locator``. </doc>
<status status="PASS" starttime="20220708 19:14:04.189" endtime="20220708 19:14:04.559"/>
</kw>
<status status="PASS" starttime="20220708 19:14:03.481" endtime="20220708 19:14:04.560"/>
</kw>
<kw name="Input Flight Number" library="SearchKeyword">
<arg>flight_id= ${fligt_num}</arg>
<kw name="Input Text" library="AppiumLibrary">
<arg>${search_field}</arg>
<arg>${flight_id}</arg>
<doc>Types the given `text` into text field identified by `locator`.</doc>
<msg timestamp="20220708 19:14:04.571" level="INFO">Typing text ' DA935' into text field 'com.example.myapplication:id/flight_number'</msg>
<status status="PASS" starttime="20220708 19:14:04.563" endtime="20220708 19:14:05.501"/>
</kw>
<status status="PASS" starttime="20220708 19:14:04.561" endtime="20220708 19:14:05.501"/>
</kw>
<kw name="Tap Search Button" library="SearchKeyword">
<kw name="Tap" library="AppiumLibrary">
<arg>${search_button}</arg>
<doc>Tap element identified by ``locator``. </doc>
<status status="PASS" starttime="20220708 19:14:05.504" endtime="20220708 19:14:06.881"/>
</kw>
<status status="PASS" starttime="20220708 19:14:05.502" endtime="20220708 19:14:06.881"/>
</kw>
<kw name="Verify Message" library="SearchKeyword">
<kw name="Element Should Be Visible" library="AppiumLibrary">
<arg>${flight_number}</arg>
<doc>Verifies that element identified with locator is visible.</doc>
<kw name="Capture Page Screenshot" library="AppiumLibrary">
<doc>Takes a screenshot of the current page and embeds it into the log.</doc>
<msg timestamp="20220708 19:14:07.677" level="INFO" html="true">&lt;/td&gt;&lt;/tr&gt;&lt;tr&gt;&lt;td colspan="3"&gt;&lt;a href="appium-screenshot-1.png"&gt;&lt;img src="appium-screenshot-1.png" width="800px"&gt;&lt;/a&gt;</msg>
<status status="PASS" starttime="20220708 19:14:07.085" endtime="20220708 19:14:07.678"/>
</kw>
<msg timestamp="20220708 19:14:07.679" level="FAIL">ValueError: Element locator '/hierarchy/android.widget.FrameLayout/android.widget.LinearLayout/android.widget.FrameLayout/android.widget.LinearLayout/android.widget.FrameLayout/android.view.ViewGroup/android.view.ViewGroup[1]/android.widget.TableLayout/android.widget.TableRow[2]/android.widget.TextView[1]' did not match any elements.</msg>
<status status="FAIL" starttime="20220708 19:14:06.883" endtime="20220708 19:14:07.683"/>
</kw>
<status status="FAIL" starttime="20220708 19:14:06.882" endtime="20220708 19:14:07.684"/>
</kw>
<kw name="Close Application" library="AppiumLibrary" type="TEARDOWN">
<doc>Closes the current application and also close webdriver session.</doc>
<status status="PASS" starttime="20220708 19:14:07.688" endtime="20220708 19:14:10.826"/>
</kw>
<status status="FAIL" starttime="20220708 19:13:26.252" endtime="20220708 19:14:10.827">ValueError: Element locator '/hierarchy/android.widget.FrameLayout/android.widget.LinearLayout/android.widget.FrameLayout/android.widget.LinearLayout/android.widget.FrameLayout/android.view.ViewGroup/android.view.ViewGroup[1]/android.widget.TableLayout/android.widget.TableRow[2]/android.widget.TextView[1]' did not match any elements.</status>
</test>
<doc>Search Flight Number Test Cases</doc>
<status status="FAIL" starttime="20220708 19:13:25.460" endtime="20220708 19:14:10.831"/>
</suite>
<statistics>
<total>
<stat pass="0" fail="1" skip="0">All Tests</stat>
</total>
<tag>
</tag>
<suite>
<stat pass="0" fail="1" skip="0" id="s1" name="Search">Search</stat>
</suite>
</statistics>
<errors>
</errors>
</robot>
