<?xml version="1.0" encoding="UTF-8"?>
<robot generator="Robot 5.0.1 (Python 3.10.5 on win32)" generated="20220712 14:25:16.544" rpa="false" schemaversion="3">
<suite id="s1" name="Homepage" source="D:\belajar\dojobox\mobiletesting\suites\homepage.robot">
<test id="s1-t1" name="User Should Be Able To See Homepage" line="10">
<kw name="Open Flight Application" library="Base" type="SETUP">
<kw name="Open Application" library="AppiumLibrary">
<arg>${REMOTE_URL}</arg>
<arg>platformName=${PLATFORM_NAME}</arg>
<arg>platformVersion=${PLATFORM_VERSION}</arg>
<arg>deviceName=${DEVICE_NAME}</arg>
<arg>appActivity=${ACTIVITY_NAME}</arg>
<arg>appPackage=${PACKAGE_NAME}</arg>
<arg>automationName=UiAutomator2</arg>
<arg>newCommandTimeout=5000</arg>
<doc>Opens a new application to given Appium server.
Capabilities of appium server, Android and iOS,
Please check https://github.com/appium/appium/blob/master/docs/en/writing-running-appium/server-args.md
| *Option*            | *Man.* | *Description*     |
| remote_url          | Yes    | Appium server url |
| alias               | no     | alias             |</doc>
<status status="PASS" starttime="20220712 14:25:17.196" endtime="20220712 14:25:48.220"/>
</kw>
<status status="PASS" starttime="20220712 14:25:17.196" endtime="20220712 14:25:48.221"/>
</kw>
<kw name="Verify Sign in Button" library="HomepageKeyword">
<kw name="Element Should Be Visible" library="AppiumLibrary">
<arg>${signin}</arg>
<doc>Verifies that element identified with locator is visible.</doc>
<status status="PASS" starttime="20220712 14:25:48.228" endtime="20220712 14:25:48.675"/>
</kw>
<status status="PASS" starttime="20220712 14:25:48.227" endtime="20220712 14:25:48.675"/>
</kw>
<kw name="Verify image background" library="HomepageKeyword">
<kw name="Element Should Be Visible" library="AppiumLibrary">
<arg>${image}</arg>
<doc>Verifies that element identified with locator is visible.</doc>
<status status="PASS" starttime="20220712 14:25:48.677" endtime="20220712 14:25:48.764"/>
</kw>
<status status="PASS" starttime="20220712 14:25:48.676" endtime="20220712 14:25:48.764"/>
</kw>
<kw name="Close Application" library="AppiumLibrary" type="TEARDOWN">
<doc>Closes the current application and also close webdriver session.</doc>
<status status="PASS" starttime="20220712 14:25:48.765" endtime="20220712 14:25:51.020"/>
</kw>
<status status="PASS" starttime="20220712 14:25:17.194" endtime="20220712 14:25:51.023"/>
</test>
<doc>See Homepage Test Cases</doc>
<status status="PASS" starttime="20220712 14:25:16.548" endtime="20220712 14:25:51.028"/>
</suite>
<statistics>
<total>
<stat pass="1" fail="0" skip="0">All Tests</stat>
</total>
<tag>
</tag>
<suite>
<stat pass="1" fail="0" skip="0" id="s1" name="Homepage">Homepage</stat>
</suite>
</statistics>
<errors>
</errors>
</robot>
